mode: set
eilieili/web/Algorithm/gochannel/main.go:16.30,21.2 3 0
eilieili/web/Algorithm/gochannel/main.go:22.15,36.2 6 0
eilieili/web/Algorithm/gochannel/main.go:38.22,40.26 2 0
eilieili/web/Algorithm/gochannel/main.go:40.26,42.3 1 0
eilieili/web/Algorithm/gochannel/main.go:45.41,48.6 2 0
eilieili/web/Algorithm/gochannel/main.go:48.6,50.10 2 0
eilieili/web/Algorithm/gochannel/main.go:53.3,53.19 1 0
eilieili/web/Algorithm/gochannel/main.go:50.10,51.9 1 0
eilieili/web/Algorithm/gochannel/main.go:57.15,65.21 5 0
eilieili/web/Algorithm/gochannel/main.go:65.21,67.3 1 0
eilieili/web/Algorithm/gochannel/main.go:70.50,73.6 3 0
eilieili/web/Algorithm/gochannel/main.go:73.6,75.10 2 0
eilieili/web/Algorithm/gochannel/main.go:78.3,79.17 2 0
eilieili/web/Algorithm/gochannel/main.go:75.10,76.9 1 0
eilieili/web/Algorithm/gochannel/main.go:83.13,87.26 3 0
eilieili/web/Algorithm/gochannel/main.go:92.2,92.26 1 0
eilieili/web/Algorithm/gochannel/main.go:101.2,101.26 1 0
eilieili/web/Algorithm/gochannel/main.go:105.2,105.14 1 0
eilieili/web/Algorithm/gochannel/main.go:87.26,90.3 1 0
eilieili/web/Algorithm/gochannel/main.go:92.26,93.18 1 0
eilieili/web/Algorithm/gochannel/main.go:93.18,95.4 1 0
eilieili/web/Algorithm/gochannel/main.go:101.26,104.3 2 0
eilieili/web/Algorithm/gochannel/main.go:109.35,112.2 2 1
